{"/Users/balajikamalanathan/balaji/codetest/react-coding-excercise/src/App.tsx": {"path":"/Users/balajikamalanathan/balaji/codetest/react-coding-excercise/src/App.tsx","statementMap":{"0":{"start":{"line":12,"column":2},"end":{"line":23,"column":4}}},"fnMap":{"0":{"name":"App","decl":{"start":{"line":11,"column":9},"end":{"line":11,"column":12}},"loc":{"start":{"line":11,"column":15},"end":{"line":24,"column":1}},"line":11}},"branchMap":{},"s":{"0":1},"f":{"0":1},"b":{},"_coverageSchema":"43e27e138ebf9cfc5966b082cf9a028302ed4184","hash":"7c52fa6082453af5f6e6234808297dc671d806e0"}
,"/Users/balajikamalanathan/balaji/codetest/react-coding-excercise/src/index.tsx": {"path":"/Users/balajikamalanathan/balaji/codetest/react-coding-excercise/src/index.tsx","statementMap":{"0":{"start":{"line":6,"column":0},"end":{"line":11,"column":2}}},"fnMap":{},"branchMap":{},"s":{"0":0},"f":{},"b":{},"hash":"086a2f81f5f3307d270fb37bfd3b8f5c4bf43384"}
,"/Users/balajikamalanathan/balaji/codetest/react-coding-excercise/src/common/urlOptimize.tsx": {"path":"/Users/balajikamalanathan/balaji/codetest/react-coding-excercise/src/common/urlOptimize.tsx","statementMap":{"0":{"start":{"line":2,"column":23},"end":{"line":5,"column":1}},"1":{"start":{"line":3,"column":20},"end":{"line":3,"column":52}},"2":{"start":{"line":4,"column":4},"end":{"line":4,"column":21}}},"fnMap":{"0":{"name":"(anonymous_0)","decl":{"start":{"line":2,"column":23},"end":{"line":2,"column":24}},"loc":{"start":{"line":2,"column":37},"end":{"line":5,"column":1}},"line":2}},"branchMap":{"0":{"loc":{"start":{"line":2,"column":24},"end":{"line":2,"column":32}},"type":"default-arg","locations":[{"start":{"line":2,"column":30},"end":{"line":2,"column":32}}],"line":2}},"s":{"0":1,"1":392,"2":392},"f":{"0":392},"b":{"0":[0]},"_coverageSchema":"43e27e138ebf9cfc5966b082cf9a028302ed4184","hash":"d5b228db85f3d4ae342d286a9ee43fd53ba76a23"}
,"/Users/balajikamalanathan/balaji/codetest/react-coding-excercise/src/components/Beverages.tsx": {"path":"/Users/balajikamalanathan/balaji/codetest/react-coding-excercise/src/components/Beverages.tsx","statementMap":{"0":{"start":{"line":11,"column":28},"end":{"line":11,"column":46}},"1":{"start":{"line":12,"column":40},"end":{"line":14,"column":6}},"2":{"start":{"line":15,"column":26},"end":{"line":15,"column":49}},"3":{"start":{"line":16,"column":19},"end":{"line":16,"column":87}},"4":{"start":{"line":16,"column":50},"end":{"line":16,"column":86}},"5":{"start":{"line":18,"column":28},"end":{"line":26,"column":5}},"6":{"start":{"line":19,"column":19},"end":{"line":19,"column":46}},"7":{"start":{"line":20,"column":8},"end":{"line":24,"column":11}},"8":{"start":{"line":21,"column":12},"end":{"line":23,"column":13}},"9":{"start":{"line":22,"column":16},"end":{"line":22,"column":63}},"10":{"start":{"line":25,"column":10},"end":{"line":25,"column":48}},"11":{"start":{"line":28,"column":32},"end":{"line":37,"column":9}},"12":{"start":{"line":29,"column":10},"end":{"line":29,"column":59}},"13":{"start":{"line":30,"column":21},"end":{"line":30,"column":48}},"14":{"start":{"line":31,"column":10},"end":{"line":35,"column":13}},"15":{"start":{"line":32,"column":14},"end":{"line":34,"column":15}},"16":{"start":{"line":33,"column":18},"end":{"line":33,"column":57}},"17":{"start":{"line":36,"column":12},"end":{"line":36,"column":52}},"18":{"start":{"line":39,"column":4},"end":{"line":39,"column":51}},"19":{"start":{"line":41,"column":2},"end":{"line":71,"column":4}},"20":{"start":{"line":58,"column":44},"end":{"line":58,"column":66}},"21":{"start":{"line":63,"column":71},"end":{"line":63,"column":97}}},"fnMap":{"0":{"name":"Beverages","decl":{"start":{"line":9,"column":9},"end":{"line":9,"column":18}},"loc":{"start":{"line":9,"column":81},"end":{"line":72,"column":1}},"line":9},"1":{"name":"(anonymous_1)","decl":{"start":{"line":16,"column":40},"end":{"line":16,"column":41}},"loc":{"start":{"line":16,"column":50},"end":{"line":16,"column":86}},"line":16},"2":{"name":"(anonymous_2)","decl":{"start":{"line":18,"column":28},"end":{"line":18,"column":29}},"loc":{"start":{"line":18,"column":76},"end":{"line":26,"column":5}},"line":18},"3":{"name":"(anonymous_3)","decl":{"start":{"line":28,"column":32},"end":{"line":28,"column":33}},"loc":{"start":{"line":28,"column":80},"end":{"line":37,"column":9}},"line":28},"4":{"name":"(anonymous_4)","decl":{"start":{"line":58,"column":33},"end":{"line":58,"column":34}},"loc":{"start":{"line":58,"column":44},"end":{"line":58,"column":66}},"line":58},"5":{"name":"(anonymous_5)","decl":{"start":{"line":63,"column":60},"end":{"line":63,"column":61}},"loc":{"start":{"line":63,"column":71},"end":{"line":63,"column":97}},"line":63}},"branchMap":{"0":{"loc":{"start":{"line":11,"column":12},"end":{"line":11,"column":23}},"type":"default-arg","locations":[{"start":{"line":11,"column":21},"end":{"line":11,"column":23}}],"line":11},"1":{"loc":{"start":{"line":21,"column":12},"end":{"line":23,"column":13}},"type":"if","locations":[{"start":{"line":21,"column":12},"end":{"line":23,"column":13}},{"start":{"line":21,"column":12},"end":{"line":23,"column":13}}],"line":21},"2":{"loc":{"start":{"line":32,"column":14},"end":{"line":34,"column":15}},"type":"if","locations":[{"start":{"line":32,"column":14},"end":{"line":34,"column":15}},{"start":{"line":32,"column":14},"end":{"line":34,"column":15}}],"line":32}},"s":{"0":0,"1":0,"2":0,"3":0,"4":0,"5":0,"6":0,"7":0,"8":0,"9":0,"10":0,"11":0,"12":0,"13":0,"14":0,"15":0,"16":0,"17":0,"18":0,"19":0,"20":0,"21":0},"f":{"0":0,"1":0,"2":0,"3":0,"4":0,"5":0},"b":{"0":[0],"1":[0,0],"2":[0,0]},"_coverageSchema":"43e27e138ebf9cfc5966b082cf9a028302ed4184","hash":"e71eec47e9042a33fcaffd43d2a4d792110c7765"}
,"/Users/balajikamalanathan/balaji/codetest/react-coding-excercise/src/components/Home.tsx": {"path":"/Users/balajikamalanathan/balaji/codetest/react-coding-excercise/src/components/Home.tsx","statementMap":{"0":{"start":{"line":9,"column":0},"end":{"line":9,"column":25}},"1":{"start":{"line":10,"column":22},"end":{"line":10,"column":45}},"2":{"start":{"line":11,"column":0},"end":{"line":11,"column":40}},"3":{"start":{"line":13,"column":2},"end":{"line":21,"column":4}},"4":{"start":{"line":16,"column":8},"end":{"line":18,"column":15}}},"fnMap":{"0":{"name":"Home","decl":{"start":{"line":12,"column":9},"end":{"line":12,"column":13}},"loc":{"start":{"line":12,"column":16},"end":{"line":22,"column":1}},"line":12},"1":{"name":"(anonymous_1)","decl":{"start":{"line":15,"column":70},"end":{"line":15,"column":71}},"loc":{"start":{"line":16,"column":8},"end":{"line":18,"column":15}},"line":16}},"branchMap":{"0":{"loc":{"start":{"line":15,"column":7},"end":{"line":19,"column":8}},"type":"binary-expr","locations":[{"start":{"line":15,"column":7},"end":{"line":15,"column":20}},{"start":{"line":15,"column":24},"end":{"line":15,"column":48}},{"start":{"line":15,"column":52},"end":{"line":19,"column":8}}],"line":15}},"s":{"0":1,"1":1,"2":1,"3":1,"4":196},"f":{"0":1,"1":196},"b":{"0":[1,1,1]},"_coverageSchema":"43e27e138ebf9cfc5966b082cf9a028302ed4184","hash":"e2b812d261bb6994f540a74ac98b86cdd0b068ed"}
}
