TN:
SF:/Users/balajikamalanathan/balaji/codetest/react-coding-excercise/src/App.tsx
FN:11,App
FNF:1
FNH:1
FNDA:1,App
DA:12,1
LF:1
LH:1
BRF:0
BRH:0
end_of_record
TN:
SF:/Users/balajikamalanathan/balaji/codetest/react-coding-excercise/src/index.tsx
FNF:0
FNH:0
DA:6,0
LF:1
LH:0
BRF:0
BRH:0
end_of_record
TN:
SF:/Users/balajikamalanathan/balaji/codetest/react-coding-excercise/src/common/urlOptimize.tsx
FN:2,(anonymous_0)
FNF:1
FNH:1
FNDA:392,(anonymous_0)
DA:2,1
DA:3,392
DA:4,392
LF:3
LH:3
BRDA:2,0,0,0
BRF:1
BRH:0
end_of_record
TN:
SF:/Users/balajikamalanathan/balaji/codetest/react-coding-excercise/src/components/Beverages.tsx
FN:9,Beverages
FN:16,(anonymous_1)
FN:18,(anonymous_2)
FN:28,(anonymous_3)
FN:58,(anonymous_4)
FN:63,(anonymous_5)
FNF:6
FNH:0
FNDA:0,Beverages
FNDA:0,(anonymous_1)
FNDA:0,(anonymous_2)
FNDA:0,(anonymous_3)
FNDA:0,(anonymous_4)
FNDA:0,(anonymous_5)
DA:11,0
DA:12,0
DA:15,0
DA:16,0
DA:18,0
DA:19,0
DA:20,0
DA:21,0
DA:22,0
DA:25,0
DA:28,0
DA:29,0
DA:30,0
DA:31,0
DA:32,0
DA:33,0
DA:36,0
DA:39,0
DA:41,0
DA:58,0
DA:63,0
LF:21
LH:0
BRDA:11,0,0,0
BRDA:21,1,0,0
BRDA:21,1,1,0
BRDA:32,2,0,0
BRDA:32,2,1,0
BRF:5
BRH:0
end_of_record
TN:
SF:/Users/balajikamalanathan/balaji/codetest/react-coding-excercise/src/components/Home.tsx
FN:12,Home
FN:15,(anonymous_1)
FNF:2
FNH:2
FNDA:1,Home
FNDA:196,(anonymous_1)
DA:9,1
DA:10,1
DA:11,1
DA:13,1
DA:16,196
LF:5
LH:5
BRDA:15,0,0,1
BRDA:15,0,1,1
BRDA:15,0,2,1
BRF:3
BRH:3
end_of_record
